<?xml version="1.0" encoding="UTF-8"?>
<testsuites name="Mocha Tests" time="247.817" tests="11" failures="1">
  <testsuite name="Root Suite" timestamp="2023-09-19T12:56:07" tests="0" file="cypress/e2e/vendor/cpq/cpq-configuration.ccv2-e2e.cy.ts" time="0.000" failures="0">
  </testsuite>
  <testsuite name="CPQ Configuration" timestamp="2023-09-19T12:56:07" tests="0" time="0.000" failures="0">
  </testsuite>
  <testsuite name="Navigate to Product Configuration Page" timestamp="2023-09-19T12:56:07" tests="2" time="28.720" failures="0">
    <testcase name="CPQ Configuration Navigate to Product Configuration Page should be able to navigate from the product search result" time="15.682" classname="should be able to navigate from the product search result">
    </testcase>
    <testcase name="CPQ Configuration Navigate to Product Configuration Page should be able to navigate from the product details page" time="12.872" classname="should be able to navigate from the product details page">
    </testcase>
  </testsuite>
  <testsuite name="Handling different UI type" timestamp="2023-09-19T12:56:36" tests="5" time="166.582" failures="1">
    <testcase name="CPQ Configuration Handling different UI type should support radio button attribute type" time="12.010" classname="should support radio button attribute type">
    </testcase>
    <testcase name="CPQ Configuration Handling different UI type should support checkbox list attribute type" time="11.272" classname="should support checkbox list attribute type">
    </testcase>
    <testcase name="CPQ Configuration Handling different UI type should support single select (radio) bundle items" time="11.225" classname="should support single select (radio) bundle items">
    </testcase>
    <testcase name="CPQ Configuration Handling different UI type should support single select (ddlb) bundle items" time="40.512" classname="should support single select (ddlb) bundle items">
      <failure message="Timed out retrying after 30000ms: Expected to find element: `#cx-configurator--dropdownProduct--2899--0 .cx-product-card`, but never found it." type="AssertionError"><![CDATA[AssertionError: Timed out retrying after 30000ms: Expected to find element: `#cx-configurator--dropdownProduct--2899--0 .cx-product-card`, but never found it.
    at Object.checkValueSelected (webpack://storefrontapp-e2e-cypress/./cypress/helpers/product-configurator.ts:376:47)
    at Context.eval (webpack://storefrontapp-e2e-cypress/./cypress/e2e/vendor/cpq/cpq-configuration.ccv2-e2e.cy.ts:224:20)]]></failure>
    </testcase>
    <testcase name="CPQ Configuration Handling different UI type should support multi select bundle items" time="11.207" classname="should support multi select bundle items">
    </testcase>
  </testsuite>
  <testsuite name="Group Handling" timestamp="2023-09-19T12:59:22" tests="3" time="30.140" failures="0">
    <testcase name="CPQ Configuration Group Handling should navigate with next and previous buttons" time="11.019" classname="should navigate with next and previous buttons">
    </testcase>
    <testcase name="CPQ Configuration Group Handling should navigate via group menu" time="9.993" classname="should navigate via group menu">
    </testcase>
    <testcase name="CPQ Configuration Group Handling should display correct attributes" time="8.816" classname="should display correct attributes">
    </testcase>
  </testsuite>
  <testsuite name="Overview Page" timestamp="2023-09-19T12:59:53" tests="1" time="22.370" failures="0">
    <testcase name="CPQ Configuration Overview Page should display user selections and prices on overview page" time="22.174" classname="should display user selections and prices on overview page">
    </testcase>
  </testsuite>
</testsuites>