<?xml version="1.0" encoding="UTF-8"?>
<testsuites name="Mocha Tests" time="49.723" tests="16" failures="0">
  <testsuite name="Root Suite" timestamp="2023-09-19T13:44:35" tests="0" file="cypress/e2e/regression/product_configurator/product-configurator-vc-interactive.e2e.cy.ts" time="0.000" failures="0">
  </testsuite>
  <testsuite name="Product Configuration" timestamp="2023-09-19T13:44:35" tests="0" time="0.000" failures="0">
  </testsuite>
  <testsuite name="Navigate to Product Configuration Page" timestamp="2023-09-19T13:44:35" tests="3" time="7.153" failures="0">
    <testcase name="Product Configuration Navigate to Product Configuration Page should be able to navigate from the product search result" time="2.660" classname="should be able to navigate from the product search result">
    </testcase>
    <testcase name="Product Configuration Navigate to Product Configuration Page should be able to navigate from the product details page" time="2.433" classname="should be able to navigate from the product details page">
    </testcase>
    <testcase name="Product Configuration Navigate to Product Configuration Page should be able to navigate from the overview page" time="2.097" classname="should be able to navigate from the overview page">
    </testcase>
  </testsuite>
  <testsuite name="Configure Product" timestamp="2023-09-19T13:44:42" tests="2" time="5.972" failures="0">
    <testcase name="Product Configuration Configure Product should support image attribute type - single selection" time="2.891" classname="should support image attribute type - single selection">
    </testcase>
    <testcase name="Product Configuration Configure Product should keep checkboxes selected after group change" time="2.921" classname="should keep checkboxes selected after group change">
    </testcase>
  </testsuite>
  <testsuite name="Group Status" timestamp="2023-09-19T13:44:48" tests="2" time="8.598" failures="0">
    <testcase name="Product Configuration Group Status should set group status for single level product" time="3.340" classname="should set group status for single level product">
    </testcase>
    <testcase name="Product Configuration Group Status should set group status for multi level product" time="4.972" classname="should set group status for multi level product">
    </testcase>
  </testsuite>
  <testsuite name="Group Handling" timestamp="2023-09-19T13:44:57" tests="5" time="12.068" failures="0">
    <testcase name="Product Configuration Group Handling should navigate between groups" time="2.554" classname="should navigate between groups">
    </testcase>
    <testcase name="Product Configuration Group Handling should check if group buttons are clickable" time="2.841" classname="should check if group buttons are clickable">
    </testcase>
    <testcase name="Product Configuration Group Handling should navigate using the group menu" time="1.885" classname="should navigate using the group menu">
    </testcase>
    <testcase name="Product Configuration Group Handling should navigate using the previous and next button for multi level product" time="2.281" classname="should navigate using the previous and next button for multi level product">
    </testcase>
    <testcase name="Product Configuration Group Handling should navigate using the group menu for multi level product" time="2.081" classname="should navigate using the group menu for multi level product">
    </testcase>
  </testsuite>
  <testsuite name="Retract mode for Product Configuration" timestamp="2023-09-19T13:45:09" tests="2" time="3.154" failures="0">
    <testcase name="Product Configuration Retract mode for Product Configuration should lead to additional retract value displayed when enabled" time="1.018" classname="should lead to additional retract value displayed when enabled">
    </testcase>
    <testcase name="Product Configuration Retract mode for Product Configuration should de-select the currently selected value when selecting the retract option" time="2.040" classname="should de-select the currently selected value when selecting the retract option">
    </testcase>
  </testsuite>
  <testsuite name="Conflict Solver" timestamp="2023-09-19T13:45:12" tests="2" time="12.493" failures="0">
    <testcase name="Product Configuration Conflict Solver should support the conflict solving process" time="9.110" classname="should support the conflict solving process">
    </testcase>
    <testcase name="Product Configuration Conflict Solver should display a success message on conflict resolution (CXSPA-2374)" time="3.127" classname="should display a success message on conflict resolution (CXSPA-2374)">
    </testcase>
  </testsuite>
</testsuites>