<?xml version="1.0" encoding="UTF-8"?>
<testsuites name="Mocha Tests" time="2.146" tests="2" failures="0">
  <testsuite name="Root Suite" timestamp="2023-09-19T12:39:27" tests="0" file="cypress/e2e/regression/product_configurator/product-configurator-vc.e2e-2205-spec-flaky.cy.ts" time="0.000" failures="0">
  </testsuite>
  <testsuite name="Variant Carousel for Product Configuration" timestamp="2023-09-19T12:39:27" tests="0" time="0.000" failures="0">
  </testsuite>
  <testsuite name="Disable variant search" timestamp="2023-09-19T12:39:27" tests="1" time="1.245" failures="0">
    <testcase name="Variant Carousel for Product Configuration Disable variant search should not display any variant carousel" time="1.201" classname="should not display any variant carousel">
    </testcase>
  </testsuite>
  <testsuite name="Enable variant search" timestamp="2023-09-19T12:39:28" tests="1" time="0.899" failures="0">
    <testcase name="Variant Carousel for Product Configuration Enable variant search should display variant carousel" time="0.834" classname="should display variant carousel">
    </testcase>
  </testsuite>
</testsuites>