<?xml version="1.0" encoding="UTF-8"?>
<testsuites name="Mocha Tests" time="13.723" tests="3" failures="0">
  <testsuite name="Root Suite" timestamp="2023-09-19T12:39:11" tests="0" file="cypress/e2e/regression/product_configurator/product-configurator-vc-restart-dialog-e2e-spec-flaky.cy.ts" time="0.000" failures="0">
  </testsuite>
  <testsuite name="Restart Dialog for Product Configuration" timestamp="2023-09-19T12:39:11" tests="3" time="13.719" failures="0">
    <testcase name="Restart Dialog for Product Configuration should keep configuration on resume (CXSPA-1786)" time="4.825" classname="should keep configuration on resume (CXSPA-1786)">
    </testcase>
    <testcase name="Restart Dialog for Product Configuration should create a new default configuration on restart (CXSPA-1786)" time="4.453" classname="should create a new default configuration on restart (CXSPA-1786)">
    </testcase>
    <testcase name="Restart Dialog for Product Configuration navigate back to product details page without a decision on close (CXSPA-1786)" time="4.099" classname="navigate back to product details page without a decision on close (CXSPA-1786)">
    </testcase>
  </testsuite>
</testsuites>