<?xml version="1.0" encoding="UTF-8"?>
<testsuites name="Mocha Tests" time="12.292" tests="2" failures="0">
  <testsuite name="Root Suite" timestamp="2023-09-19T12:38:56" tests="0" file="cypress/e2e/regression/product_configurator/product-configurator-vc-ov-filter-menu-e2e-spec-flaky.cy.ts" time="0.000" failures="0">
  </testsuite>
  <testsuite name="Product Configuration" timestamp="2023-09-19T12:38:56" tests="2" time="12.290" failures="0">
    <testcase name="Product Configuration should display sidebar with filter and menu on overview page" time="2.433" classname="should display sidebar with filter and menu on overview page">
    </testcase>
    <testcase name="Product Configuration should be able filter the overview page" time="9.736" classname="should be able filter the overview page">
    </testcase>
  </testsuite>
</testsuites>