<?xml version="1.0" encoding="UTF-8"?>
<testsuites name="Mocha Tests" time="10.650" tests="2" failures="0">
  <testsuite name="Root Suite" timestamp="2023-09-19T13:57:25" tests="0" file="cypress/e2e/regression/product_configurator/product-configurator-vc-conflict-dialog-e2e-spec-flaky.cy.ts" time="0.000" failures="0">
  </testsuite>
  <testsuite name="Product Configuration" timestamp="2023-09-19T13:57:25" tests="2" time="10.641" failures="0">
    <testcase name="Product Configuration should follow the immediate conflict resolution process (CXSPA-1485)" time="3.536" classname="should follow the immediate conflict resolution process (CXSPA-1485)">
    </testcase>
    <testcase name="Product Configuration should restrict navigation when immediate conflict resolving is active (CXSPA-1485)" time="6.974" classname="should restrict navigation when immediate conflict resolving is active (CXSPA-1485)">
    </testcase>
  </testsuite>
</testsuites>