<?xml version="1.0" encoding="UTF-8"?>
<testsuites name="Mocha Tests" time="22.298" tests="2" failures="0">
  <testsuite name="Root Suite" timestamp="2023-09-19T12:31:44" tests="0" file="cypress/e2e/accessibility/product-configurator-tabbing.e2e.cy.ts" time="0.000" failures="0">
  </testsuite>
  <testsuite name="Product Configuration" timestamp="2023-09-19T12:31:44" tests="0" time="0.000" failures="0">
  </testsuite>
  <testsuite name="Product Config Tabbing" timestamp="2023-09-19T12:31:49" tests="1" time="14.093" failures="0">
    <testcase name="Product Configuration Product Config Tabbing should allow to navigate with tab key" time="18.149" classname="should allow to navigate with tab key">
    </testcase>
  </testsuite>
  <testsuite name="Product Config Keep Focus" timestamp="2023-09-19T12:32:03" tests="1" time="4.067" failures="0">
    <testcase name="Product Configuration Product Config Keep Focus should keep focus after selection" time="3.991" classname="should keep focus after selection">
    </testcase>
  </testsuite>
</testsuites>